2024-10-16T13:02:27.530Z info: Fetched 0 orders
2024-10-16T13:05:38.288Z info: Order created: cadc654e-164b-4660-a0f9-390cc97f37a5
2024-10-16T13:05:38.292Z info: Order created: cadc654e-164b-4660-a0f9-390cc97f37a5
2024-10-16T13:07:13.355Z error: Error fetching order: Order not found
2024-10-16T13:07:13.356Z error: Error fetching order: Error fetching order
2024-10-16T13:09:55.532Z error: Error fetching order: Order not found
2024-10-16T13:09:55.539Z error: Error fetching order: Error fetching order
2024-10-16T13:12:40.965Z error: Error fetching order: Order not found
2024-10-16T13:12:40.968Z error: Error fetching order: Error fetching order
2024-10-16T13:13:05.796Z error: Error fetching order: 
Invalid `prisma.order.findUnique()` invocation in
/home/nicanorkyamba/Port_1/src/services/orderService.js:56:38

  53 // Function to get order by ID
  54 async function getOrderById(id) {
  55   try {
→ 56     const order = await prisma.order.findUnique(
Inconsistent query result: Field product is required to return data, got `null` instead.
2024-10-16T13:13:05.797Z error: Error fetching order: Error fetching order
2024-10-16T13:13:41.821Z error: Error fetching order: 
Invalid `prisma.order.findUnique()` invocation in
/home/nicanorkyamba/Port_1/src/services/orderService.js:56:38

  53 // Function to get order by ID
  54 async function getOrderById(id) {
  55   try {
→ 56     const order = await prisma.order.findUnique(
Inconsistent query result: Field product is required to return data, got `null` instead.
2024-10-16T13:13:41.829Z error: Error fetching order: Error fetching order
2024-10-16T13:15:47.550Z error: Error fetching order: 
Invalid `prisma.order.findUnique()` invocation in
/home/nicanorkyamba/Port_1/src/services/orderService.js:56:38

  53 // Function to get order by ID
  54 async function getOrderById(id) {
  55   try {
→ 56     const order = await prisma.order.findUnique(
Inconsistent query result: Field product is required to return data, got `null` instead.
2024-10-16T13:15:47.557Z error: Error fetching order: Error fetching order
2024-10-16T13:20:31.588Z error: Error fetching order: 
Invalid `prisma.order.findUnique()` invocation in
/home/nicanorkyamba/Port_1/src/services/orderService.js:56:38

  53 // Function to get order by ID
  54 async function getOrderById(id) {
  55   try {
→ 56     const order = await prisma.order.findUnique(
Inconsistent query result: Field product is required to return data, got `null` instead.
2024-10-16T13:20:31.597Z error: Error fetching order: Error fetching order
2024-10-16T13:22:25.271Z info: Product created: 9edb7fba-f090-455e-8940-390aa06921d3
2024-10-16T13:22:25.271Z info: Product created: 9edb7fba-f090-455e-8940-390aa06921d3
2024-10-16T13:23:01.079Z info: Fetched 0 products
2024-10-16T13:23:01.083Z info: Fetched 0 products
2024-10-16T13:23:32.842Z info: Fetched 0 products
2024-10-16T13:23:32.843Z info: Fetched 0 products
2024-10-16T13:25:02.319Z info: Fetched 0 products
2024-10-16T13:25:02.330Z info: Fetched 0 products
2024-10-16T13:26:08.487Z info: Fetched 0 products
2024-10-16T13:26:08.494Z info: Fetched 0 products
2024-10-16T13:27:25.236Z info: Fetched 1 products
2024-10-16T13:27:25.257Z info: Fetched 1 products
2024-10-16T13:30:32.619Z info: Fetched 1 products
2024-10-16T13:30:32.651Z info: Fetched 1 products
2024-10-16T13:31:47.238Z info: Fetched product: 9edb7fba-f090-455e-8940-390aa06921d3
2024-10-16T13:31:47.238Z info: Fetched product: 9edb7fba-f090-455e-8940-390aa06921d3
2024-10-16T13:33:37.824Z info: Product updated: 9edb7fba-f090-455e-8940-390aa06921d3
2024-10-16T13:33:37.825Z info: Product updated: 9edb7fba-f090-455e-8940-390aa06921d3
2024-10-16T13:34:54.818Z info: Product deleted: 9edb7fba-f090-455e-8940-390aa06921d3
2024-10-16T13:34:54.819Z info: Product deleted: 9edb7fba-f090-455e-8940-390aa06921d3
2024-10-16T13:40:47.134Z info: Product permanently deleted: 9edb7fba-f090-455e-8940-390aa06921d3
2024-10-16T13:40:47.145Z info: Product permanently deleted: 9edb7fba-f090-455e-8940-390aa06921d3
2024-10-16T14:33:41.405Z error: Error fetching product: Product not found
2024-10-16T14:33:41.415Z error: Error fetching product: Error fetching product
2024-10-16T14:34:19.184Z info: Fetched 0 products
2024-10-16T14:34:19.185Z info: Fetched 0 products
2024-10-18T11:56:49.166Z info: Fetched 0 products
2024-10-18T11:56:49.179Z info: Fetched 0 products
2024-10-21T10:47:27.712Z error: Error logging in retailer: Validation error: "name" is required
2024-10-21T10:57:01.348Z error: Error logging in retailer: Validation error: "email" is required
2024-10-21T10:57:35.337Z error: Error logging in retailer: Validation error: "email" is required
2024-10-21T10:58:47.250Z info: Retailer logged in: ff995516-1e62-4181-b666-d72d5fd34d14
2024-10-21T11:13:11.872Z info: Retailer logged in: ff995516-1e62-4181-b666-d72d5fd34d14
2024-10-21T11:13:11.881Z info: Retailer logged in: ff995516-1e62-4181-b666-d72d5fd34d14
2024-10-21T11:26:05.680Z error: Error verifying token: invalid token
2024-10-21T11:33:00.711Z error: Error verifying token: invalid token
2024-10-21T11:33:30.662Z info: Retailer logged in: ff995516-1e62-4181-b666-d72d5fd34d14
2024-10-21T11:33:30.668Z info: Retailer logged in: ff995516-1e62-4181-b666-d72d5fd34d14
2024-10-21T11:33:49.821Z info: Retailer logged in: ff995516-1e62-4181-b666-d72d5fd34d14
2024-10-21T11:33:49.823Z info: Retailer logged in: ff995516-1e62-4181-b666-d72d5fd34d14
2024-10-21T11:34:57.182Z info: Product created: cfb57e2d-c6f3-4454-81bf-8d8599cc0e1b
2024-10-21T11:34:57.183Z info: Product created: cfb57e2d-c6f3-4454-81bf-8d8599cc0e1b
2024-10-21T11:47:00.337Z error: Error creating admin: Validation error: "name" is required
2024-10-21T11:49:35.356Z error: Error creating admin: Validation error: "profileImage" is required
2024-10-21T11:50:26.551Z error: Error creating admin: Validation error: "profileImage" is required
2024-10-21T11:54:21.914Z info: Admin created: 22e3a680-faa1-4254-be1b-8dc9349f5654
2024-10-21T11:54:21.918Z info: Admin created: 22e3a680-faa1-4254-be1b-8dc9349f5654
2024-10-21T12:00:00.165Z info: Admin logged in: 22e3a680-faa1-4254-be1b-8dc9349f5654
2024-10-21T12:00:00.176Z info: Admin logged in: 22e3a680-faa1-4254-be1b-8dc9349f5654
2024-10-21T12:03:48.718Z error: Invalid role
2024-10-21T12:07:09.011Z error: Error creating admin: 
Invalid `prisma.admin.create()` invocation in
/home/sachi/Port_1/src/services/adminService.js:35:41

  32 // Hash the password before saving
  33 const hashedPassword = await hashPassword(password);
  34 
→ 35 const newAdmin = await prisma.admin.create({
       data: {
         name: "Shanic",
         email: "iloveyou@gmail.com",
         role: "admin",
         ~~~~
         password: "$2b$10$SvQeCjeYvIAUrhi4wyiKb.PWEdDXlrC4.Z3TPuuPqCEH5tRv8K.Qm",
         profileImage: "uploads/c40a3af730c22e2fbb7ace6cc918f498",
     ?   id?: String,
     ?   createdAt?: DateTime,
     ?   updatedAt?: DateTime,
     ?   deletedAt?: DateTime | Null
       }
     })

Unknown argument `role`. Did you mean `name`? Available options are marked with ?.
2024-10-21T12:07:09.017Z error: Error creating admin: Error creating admin
2024-10-21T12:07:22.426Z error: Error creating admin: 
Invalid `prisma.admin.create()` invocation in
/home/sachi/Port_1/src/services/adminService.js:35:41

  32 // Hash the password before saving
  33 const hashedPassword = await hashPassword(password);
  34 
→ 35 const newAdmin = await prisma.admin.create({
       data: {
         name: "Shanic",
         email: "iloveyou@gmail.com",
         role: "admin",
         ~~~~
         password: "$2b$10$DYPnmY5Bk//E7LELMseHBumtGCRbzrde4razrVwLsTbMDzbabOMFq",
         profileImage: "uploads/7d85589be8ba7a24f2ad1a9c1f965dcb",
     ?   id?: String,
     ?   createdAt?: DateTime,
     ?   updatedAt?: DateTime,
     ?   deletedAt?: DateTime | Null
       }
     })

Unknown argument `role`. Did you mean `name`? Available options are marked with ?.
2024-10-21T12:07:22.426Z error: Error creating admin: Error creating admin
2024-10-21T12:15:19.928Z error: Error creating admin: Validation error: "role" is not allowed
2024-10-21T12:16:52.112Z error: Error creating admin: 
Invalid `prisma.admin.create()` invocation in
/home/sachi/Port_1/src/services/adminService.js:36:41

  33 // Hash the password before saving
  34 const hashedPassword = await hashPassword(password);
  35 
→ 36 const newAdmin = await prisma.admin.create({
       data: {
         name: "Shanic",
         email: "iloveyou@gmail.com",
         password: "$2b$10$8FkS6lH/aNmLs/V8eO.yAeRJjFJOXAtGiL0k9zqXkvARk6zYYqTOS",
         profileImage: "uploads/a09ff70fb2603f3ab11d55c016fde07e",
         role: "admin",
         ~~~~
     ?   id?: String,
     ?   createdAt?: DateTime,
     ?   updatedAt?: DateTime,
     ?   deletedAt?: DateTime | Null
       }
     })

Unknown argument `role`. Did you mean `name`? Available options are marked with ?.
2024-10-21T12:16:52.116Z error: Error creating admin: Error creating admin
2024-10-21T12:28:58.126Z info: Admin created: 6ebb6913-4254-4608-a552-9e2b6677a9fd
2024-10-21T12:28:58.133Z info: Admin created: 6ebb6913-4254-4608-a552-9e2b6677a9fd
2024-10-21T12:29:24.848Z info: Admin logged in: 6ebb6913-4254-4608-a552-9e2b6677a9fd
2024-10-21T12:29:24.857Z info: Admin logged in: 6ebb6913-4254-4608-a552-9e2b6677a9fd
2024-10-21T12:31:33.233Z info: Admin logged in: 6ebb6913-4254-4608-a552-9e2b6677a9fd
2024-10-21T12:31:33.251Z info: Admin logged in: 6ebb6913-4254-4608-a552-9e2b6677a9fd
2024-10-21T12:32:18.749Z error: Invalid role
2024-10-21T12:32:24.359Z error: Invalid role
2024-10-21T12:38:43.174Z error: Error verifying token: 
Invalid `prisma.admin.findUnique()` invocation in
/home/sachi/Port_1/src/middlewares/adminMiddleware.js:35:37

  32 try {
  33   const decoded = jwt.verify(token, JWT_SECRET);
  34   const decodeId = decoded.id;
→ 35   const user = await prisma.admin.findUnique({
         where: {
           id: {
             id: "6ebb6913-4254-4608-a552-9e2b6677a9fd"
           }
           ~~~~~~~~~~~~~~~~~~~~~~~~~~~~~~~~~~~~~~~~~~~~
         }
       })

Argument `id`: Invalid value provided. Expected String, provided Object.
2024-10-21T12:43:13.196Z info: Fetched 1 admins
2024-10-21T12:43:13.203Z info: Fetched 1 admins
2024-10-21T12:50:16.385Z error: Error verifying token: 
Invalid `prisma.admin.findUnique()` invocation in
/home/sachi/Port_1/src/middlewares/adminMiddleware.js:35:37

  32 try {
  33   const decoded = jwt.verify(token, JWT_SECRET);
  34   const userId = decoded.id;
→ 35   const user = await prisma.admin.findUnique({
         where: {
           id: {
             id: "6ebb6913-4254-4608-a552-9e2b6677a9fd"
           }
           ~~~~~~~~~~~~~~~~~~~~~~~~~~~~~~~~~~~~~~~~~~~~
         }
       })

Argument `id`: Invalid value provided. Expected String, provided Object.
2024-10-21T12:52:43.029Z error: Error verifying token: 
Invalid `prisma.admin.findUnique()` invocation in
/home/sachi/Port_1/src/middlewares/adminMiddleware.js:35:37

  32 try {
  33   const decoded = jwt.verify(token, JWT_SECRET);
  34   const userId = decoded.id;
→ 35   const user = await prisma.admin.findUnique({
         where: {
           id: {
             id: "6ebb6913-4254-4608-a552-9e2b6677a9fd"
           }
           ~~~~~~~~~~~~~~~~~~~~~~~~~~~~~~~~~~~~~~~~~~~~
         }
       })

Argument `id`: Invalid value provided. Expected String, provided Object.
2024-10-21T12:52:48.844Z error: Error verifying token: 
Invalid `prisma.admin.findUnique()` invocation in
/home/sachi/Port_1/src/middlewares/adminMiddleware.js:35:37

  32 try {
  33   const decoded = jwt.verify(token, JWT_SECRET);
  34   const userId = decoded.id;
→ 35   const user = await prisma.admin.findUnique({
         where: {
           id: {
             id: "6ebb6913-4254-4608-a552-9e2b6677a9fd"
           }
           ~~~~~~~~~~~~~~~~~~~~~~~~~~~~~~~~~~~~~~~~~~~~
         }
       })

Argument `id`: Invalid value provided. Expected String, provided Object.
2024-10-21T12:53:03.947Z info: Admin logged in: 6ebb6913-4254-4608-a552-9e2b6677a9fd
2024-10-21T12:53:03.960Z info: Admin logged in: 6ebb6913-4254-4608-a552-9e2b6677a9fd
2024-10-21T12:54:18.336Z info: Fetched 1 admins
2024-10-21T12:54:18.338Z info: Fetched 1 admins
2024-10-21T12:57:17.002Z info: Fetched admin: 6ebb6913-4254-4608-a552-9e2b6677a9fd
2024-10-21T12:57:17.005Z info: Fetched admin: 6ebb6913-4254-4608-a552-9e2b6677a9fd
2024-10-21T13:01:17.975Z error: No token provided
2024-10-21T13:02:26.091Z error: Error updating admin: Validation error: "profileImage" is required
2024-10-21T13:03:55.267Z info: Admin updated: 6ebb6913-4254-4608-a552-9e2b6677a9fd
2024-10-21T13:03:55.275Z info: Admin updated: 6ebb6913-4254-4608-a552-9e2b6677a9fd
2024-10-21T13:05:18.151Z info: Admin deleted: 6ebb6913-4254-4608-a552-9e2b6677a9fd
2024-10-21T13:05:18.154Z info: Admin deleted: 6ebb6913-4254-4608-a552-9e2b6677a9fd
2024-10-21T13:07:07.408Z info: Admin deleted: 6ebb6913-4254-4608-a552-9e2b6677a9fd
2024-10-21T13:07:07.409Z info: Admin deleted: 6ebb6913-4254-4608-a552-9e2b6677a9fd
2024-10-21T13:07:25.097Z info: Admin permanently deleted: 6ebb6913-4254-4608-a552-9e2b6677a9fd
2024-10-21T13:07:25.100Z info: Admin permanently deleted: 6ebb6913-4254-4608-a552-9e2b6677a9fd
2024-10-21T20:05:10.531Z info: Retailer logged in: ff995516-1e62-4181-b666-d72d5fd34d14
2024-10-21T20:05:10.547Z info: Retailer logged in: ff995516-1e62-4181-b666-d72d5fd34d14
2024-10-22T10:07:49.993Z info: Fetched 2 products
2024-10-22T10:07:50.001Z info: Fetched 2 products
2024-10-22T10:13:22.838Z info: Fetched 2 products
2024-10-22T10:13:22.839Z info: Fetched 2 products
2024-10-22T10:15:46.269Z info: Fetched 2 products
2024-10-22T10:15:46.269Z info: Fetched 2 products
2024-10-22T10:16:58.335Z info: Fetched 2 products
2024-10-22T10:16:58.335Z info: Fetched 2 products
2024-10-22T10:17:36.531Z info: Fetched 2 products
2024-10-22T10:17:36.531Z info: Fetched 2 products
2024-10-22T10:18:22.705Z info: Fetched 2 products
2024-10-22T10:18:22.705Z info: Fetched 2 products
2024-10-22T10:20:30.328Z info: Fetched 2 products
2024-10-22T10:20:30.329Z info: Fetched 2 products
2024-10-22T10:20:46.885Z info: Fetched 2 products
2024-10-22T10:20:46.886Z info: Fetched 2 products
2024-10-22T10:20:50.649Z info: Fetched 2 products
2024-10-22T10:20:50.650Z info: Fetched 2 products
2024-10-22T10:20:53.071Z info: Fetched 2 products
2024-10-22T10:20:53.071Z info: Fetched 2 products
2024-10-22T10:21:05.367Z info: Fetched 2 products
2024-10-22T10:21:05.367Z info: Fetched 2 products
2024-10-22T10:26:31.252Z info: Fetched 2 products
2024-10-22T10:26:31.260Z info: Fetched 2 products
2024-10-22T10:27:52.177Z info: Fetched 2 products
2024-10-22T10:27:52.179Z info: Fetched 2 products
2024-10-22T10:29:17.163Z info: Fetched 2 products
2024-10-22T10:29:17.164Z info: Fetched 2 products
2024-10-22T10:32:57.469Z info: Fetched 2 products
2024-10-22T10:32:57.471Z info: Fetched 2 products
2024-10-22T10:36:14.527Z info: Fetched 2 products
2024-10-22T10:36:14.575Z info: Fetched 2 products
2024-10-22T10:40:55.957Z info: Fetched 2 products
2024-10-22T10:40:55.957Z info: Fetched 2 products
2024-10-22T10:45:51.478Z info: Fetched 2 products
2024-10-22T10:45:51.481Z info: Fetched 2 products
2024-10-22T10:46:36.763Z info: Fetched 2 products
2024-10-22T10:46:36.764Z info: Fetched 2 products
2024-10-22T10:47:28.852Z error: Error creating product: Cannot read properties of undefined (reading 'path')
2024-10-22T10:53:34.373Z error: Error creating product: Validation error: "category" must be one of [Poultry, Dairy, Cereals, Vegetables, Fruits]
2024-10-22T10:53:36.648Z error: Error creating product: Validation error: "category" must be one of [Poultry, Dairy, Cereals, Vegetables, Fruits]
2024-10-22T10:53:40.613Z info: Fetched 2 products
2024-10-22T10:53:40.613Z info: Fetched 2 products
2024-10-22T10:54:50.392Z error: Error creating product: Validation error: "category" must be one of [Poultry, Dairy, Cereals, Vegetables, Fruits]
2024-10-22T10:56:13.304Z info: Retailer logged in: ff995516-1e62-4181-b666-d72d5fd34d14
2024-10-22T10:56:13.309Z info: Retailer logged in: ff995516-1e62-4181-b666-d72d5fd34d14
2024-10-22T10:56:14.279Z error: Error fetching products: 
Invalid `prisma.product.findMany()` invocation in
/home/nicanorkyamba/Port_1/src/services/productService.js:54:43

  51 // Function to get all products with pagination
  52 async function getProducts(page = 1, limit = 10) {
  53   try {
→ 54     const products = await prisma.product.findMany(
Value 'Serials' not found in enum 'ProductCategory'
2024-10-22T10:56:14.279Z error: Error fetching products: Error fetching products
2024-10-22T10:57:23.309Z error: Error fetching products: 
Invalid `prisma.product.findMany()` invocation in
/home/nicanorkyamba/Port_1/src/services/productService.js:54:43

  51 // Function to get all products with pagination
  52 async function getProducts(page = 1, limit = 10) {
  53   try {
→ 54     const products = await prisma.product.findMany(
Value 'Serials' not found in enum 'ProductCategory'
2024-10-22T10:57:23.310Z error: Error fetching products: Error fetching products
2024-10-22T10:58:01.681Z error: Error creating product: Validation error: "category" must be one of [Poultry, Dairy, Cereals, Vegetables, Fruits]
2024-10-22T11:03:26.803Z error: Error creating product: Validation error: "category" must be one of [Poultry, Dairy, Cereals, Vegetables, Fruits]
2024-10-22T11:03:48.578Z error: Error creating product: Validation error: "category" must be one of [Poultry, Dairy, Cereals, Vegetables, Fruits]
2024-10-22T11:04:12.655Z error: Error creating product: Validation error: "category" must be one of [Poultry, Dairy, Cereals, Vegetables, Fruits]
2024-10-22T11:06:20.093Z error: Error fetching products: 
Invalid `prisma.product.findMany()` invocation in
/home/nicanorkyamba/Port_1/src/services/productService.js:54:43

  51 // Function to get all products with pagination
  52 async function getProducts(page = 1, limit = 10) {
  53   try {
→ 54     const products = await prisma.product.findMany(
Value 'Serials' not found in enum 'ProductCategory'
2024-10-22T11:06:20.094Z error: Error fetching products: Error fetching products
2024-10-22T11:06:30.744Z error: Error fetching products: 
Invalid `prisma.product.findMany()` invocation in
/home/nicanorkyamba/Port_1/src/services/productService.js:54:43

  51 // Function to get all products with pagination
  52 async function getProducts(page = 1, limit = 10) {
  53   try {
→ 54     const products = await prisma.product.findMany(
Value 'Serials' not found in enum 'ProductCategory'
2024-10-22T11:06:30.745Z error: Error fetching products: Error fetching products
2024-10-22T11:06:52.477Z error: Error fetching products: 
Invalid `prisma.product.findMany()` invocation in
/home/nicanorkyamba/Port_1/src/services/productService.js:54:43

  51 // Function to get all products with pagination
  52 async function getProducts(page = 1, limit = 10) {
  53   try {
→ 54     const products = await prisma.product.findMany(
Value 'Serials' not found in enum 'ProductCategory'
2024-10-22T11:06:52.477Z error: Error fetching products: Error fetching products
2024-10-22T11:07:25.616Z info: Product created: 8ff3064c-98d1-4b89-bd1a-19e29894be9b
2024-10-22T11:07:25.617Z info: Product created: 8ff3064c-98d1-4b89-bd1a-19e29894be9b
2024-10-22T11:09:04.801Z error: Error fetching products: 
Invalid `prisma.product.findMany()` invocation in
/home/nicanorkyamba/Port_1/src/services/productService.js:54:43

  51 // Function to get all products with pagination
  52 async function getProducts(page = 1, limit = 10) {
  53   try {
→ 54     const products = await prisma.product.findMany(
Value 'Serials' not found in enum 'ProductCategory'
2024-10-22T11:09:04.801Z error: Error fetching products: Error fetching products
2024-10-22T11:09:18.421Z error: Error fetching products: 
Invalid `prisma.product.findMany()` invocation in
/home/nicanorkyamba/Port_1/src/services/productService.js:54:43

  51 // Function to get all products with pagination
  52 async function getProducts(page = 1, limit = 10) {
  53   try {
→ 54     const products = await prisma.product.findMany(
Value 'Serials' not found in enum 'ProductCategory'
2024-10-22T11:09:18.422Z error: Error fetching products: Error fetching products
2024-10-22T11:10:58.813Z error: Error fetching products: 
Invalid `prisma.product.findMany()` invocation in
/home/nicanorkyamba/Port_1/src/services/productService.js:54:43

  51 // Function to get all products with pagination
  52 async function getProducts(page = 1, limit = 10) {
  53   try {
→ 54     const products = await prisma.product.findMany(
Value 'Serials' not found in enum 'ProductCategory'
2024-10-22T11:10:58.818Z error: Error fetching products: Error fetching products
2024-10-22T11:12:04.223Z info: Product created: e3a52f9f-4c11-468f-9bbd-3df1ded34565
2024-10-22T11:12:04.224Z info: Product created: e3a52f9f-4c11-468f-9bbd-3df1ded34565
2024-10-22T11:14:37.195Z error: Error fetching products: 
Invalid `prisma.product.findMany()` invocation in
/home/nicanorkyamba/Port_1/src/services/productService.js:54:43

  51 // Function to get all products with pagination
  52 async function getProducts(page = 1, limit = 10) {
  53   try {
→ 54     const products = await prisma.product.findMany(
Value 'Serials' not found in enum 'ProductCategory'
2024-10-22T11:14:37.195Z error: Error fetching products: Error fetching products
2024-10-22T11:15:46.728Z error: Error fetching products: 
Invalid `prisma.product.findMany()` invocation in
/home/nicanorkyamba/Port_1/src/services/productService.js:54:43

  51 // Function to get all products with pagination
  52 async function getProducts(page = 1, limit = 10) {
  53   try {
→ 54     const products = await prisma.product.findMany(
Value 'Serials' not found in enum 'ProductCategory'
2024-10-22T11:15:46.728Z error: Error fetching products: Error fetching products
2024-10-22T11:16:41.055Z error: Error fetching products: 
Invalid `prisma.product.findMany()` invocation in
/home/nicanorkyamba/Port_1/src/services/productService.js:54:43

  51 // Function to get all products with pagination
  52 async function getProducts(page = 1, limit = 10) {
  53   try {
→ 54     const products = await prisma.product.findMany(
Value 'Serials' not found in enum 'ProductCategory'
2024-10-22T11:16:41.058Z error: Error fetching products: Error fetching products
2024-10-22T11:18:31.900Z info: Fetched 0 products
2024-10-22T11:18:31.906Z info: Fetched 0 products
2024-10-22T11:19:29.901Z info: Product created: 13984ac7-8e28-4a9d-92a9-9a7d862c761d
2024-10-22T11:19:29.907Z info: Product created: 13984ac7-8e28-4a9d-92a9-9a7d862c761d
2024-10-22T11:19:55.640Z info: Fetched 1 products
2024-10-22T11:19:55.641Z info: Fetched 1 products
2024-10-22T11:22:26.195Z info: Fetched 1 products
2024-10-22T11:22:26.195Z info: Fetched 1 products
2024-10-22T11:23:02.189Z info: Product created: 5d6eff70-1e20-4ce0-9461-4b2250ba836b
2024-10-22T11:23:02.191Z info: Product created: 5d6eff70-1e20-4ce0-9461-4b2250ba836b
2024-10-22T11:23:43.276Z info: Fetched 2 products
2024-10-22T11:23:43.276Z info: Fetched 2 products
2024-10-22T11:25:53.468Z info: Fetched 2 products
2024-10-22T11:25:53.468Z info: Fetched 2 products
2024-10-22T11:26:34.908Z info: Product created: 37942c02-3d17-4a4c-858d-b7a61f9ac916
2024-10-22T11:26:34.909Z info: Product created: 37942c02-3d17-4a4c-858d-b7a61f9ac916
2024-10-22T11:26:53.775Z info: Fetched 3 products
2024-10-22T11:26:53.775Z info: Fetched 3 products
2024-10-22T11:31:35.709Z info: Product created: b820ad6f-465d-4112-b800-c23606086fcf
2024-10-22T11:31:35.709Z info: Product created: b820ad6f-465d-4112-b800-c23606086fcf
2024-10-22T11:31:41.451Z info: Fetched 4 products
2024-10-22T11:31:41.451Z info: Fetched 4 products
2024-10-22T11:32:03.051Z info: Product deleted: b820ad6f-465d-4112-b800-c23606086fcf
2024-10-22T11:32:03.051Z info: Product deleted: b820ad6f-465d-4112-b800-c23606086fcf
2024-10-22T11:33:01.483Z info: Product deleted: 37942c02-3d17-4a4c-858d-b7a61f9ac916
2024-10-22T11:33:01.483Z info: Product deleted: 37942c02-3d17-4a4c-858d-b7a61f9ac916
2024-10-22T11:33:30.828Z info: Fetched 4 products
2024-10-22T11:33:30.829Z info: Fetched 4 products
2024-10-22T11:41:48.641Z info: Product created: 0e68a0e9-a786-4980-8fab-742e7156ae8e
2024-10-22T11:41:48.642Z info: Product created: 0e68a0e9-a786-4980-8fab-742e7156ae8e
2024-10-22T11:41:53.964Z info: Fetched 5 products
2024-10-22T11:41:53.964Z info: Fetched 5 products
2024-10-22T11:42:26.204Z info: Product updated: 0e68a0e9-a786-4980-8fab-742e7156ae8e
2024-10-22T11:42:26.205Z info: Product updated: 0e68a0e9-a786-4980-8fab-742e7156ae8e
2024-10-22T11:42:30.308Z info: Fetched 5 products
2024-10-22T11:42:30.308Z info: Fetched 5 products
2024-10-22T11:43:34.520Z info: Product updated: 13984ac7-8e28-4a9d-92a9-9a7d862c761d
2024-10-22T11:43:34.521Z info: Product updated: 13984ac7-8e28-4a9d-92a9-9a7d862c761d
2024-10-22T11:43:38.478Z info: Fetched 5 products
2024-10-22T11:43:38.478Z info: Fetched 5 products
2024-10-22T11:45:17.226Z info: Fetched 5 products
2024-10-22T11:45:17.226Z info: Fetched 5 products
2024-10-22T11:45:23.415Z info: Product deleted: 0e68a0e9-a786-4980-8fab-742e7156ae8e
2024-10-22T11:45:23.415Z info: Product deleted: 0e68a0e9-a786-4980-8fab-742e7156ae8e
2024-10-22T11:45:37.333Z info: Fetched 5 products
2024-10-22T11:45:37.333Z info: Fetched 5 products
2024-10-22T11:46:42.357Z error: Error deleting product: Product not found
2024-10-22T11:46:42.364Z error: Error deleting product: Error deleting product
2024-10-22T11:46:43.939Z error: Error deleting product: Product not found
2024-10-22T11:46:43.940Z error: Error deleting product: Error deleting product
2024-10-22T11:47:03.031Z info: Fetched 5 products
2024-10-22T11:47:03.037Z info: Fetched 5 products
2024-10-22T11:47:05.345Z error: Error deleting product: Product not found
2024-10-22T11:47:05.345Z error: Error deleting product: Error deleting product
2024-10-22T11:47:22.084Z info: Product deleted: 13984ac7-8e28-4a9d-92a9-9a7d862c761d
2024-10-22T11:47:22.085Z info: Product deleted: 13984ac7-8e28-4a9d-92a9-9a7d862c761d
2024-10-22T11:47:34.816Z info: Fetched 5 products
2024-10-22T11:47:34.816Z info: Fetched 5 products
2024-10-22T11:47:38.330Z error: Error deleting product: Product not found
2024-10-22T11:47:38.331Z error: Error deleting product: Error deleting product
2024-10-22T11:48:38.499Z info: Fetched 5 products
2024-10-22T11:48:38.499Z info: Fetched 5 products
2024-10-22T11:48:40.584Z info: Product permanently deleted: 0e68a0e9-a786-4980-8fab-742e7156ae8e
2024-10-22T11:48:40.585Z info: Product permanently deleted: 0e68a0e9-a786-4980-8fab-742e7156ae8e
2024-10-22T11:48:44.241Z info: Fetched 4 products
2024-10-22T11:48:44.241Z info: Fetched 4 products
2024-10-22T11:49:14.286Z info: Product permanently deleted: 37942c02-3d17-4a4c-858d-b7a61f9ac916
2024-10-22T11:49:14.290Z info: Product permanently deleted: 37942c02-3d17-4a4c-858d-b7a61f9ac916
2024-10-22T11:49:19.240Z info: Product permanently deleted: b820ad6f-465d-4112-b800-c23606086fcf
2024-10-22T11:49:19.241Z info: Product permanently deleted: b820ad6f-465d-4112-b800-c23606086fcf
2024-10-22T11:49:21.572Z info: Product permanently deleted: 5d6eff70-1e20-4ce0-9461-4b2250ba836b
2024-10-22T11:49:21.574Z info: Product permanently deleted: 5d6eff70-1e20-4ce0-9461-4b2250ba836b
2024-10-22T11:49:31.248Z info: Fetched 1 products
2024-10-22T11:49:31.253Z info: Fetched 1 products
2024-10-22T11:52:52.539Z info: Fetched 1 products
2024-10-22T11:52:52.544Z info: Fetched 1 products
2024-10-22T11:55:06.882Z info: Fetched 2 orders
2024-10-22T11:55:06.883Z info: Fetched 2 orders
2024-10-22T11:56:12.453Z info: Fetched 1 products
2024-10-22T11:56:12.454Z info: Fetched 1 products
2024-10-22T11:56:17.999Z info: Fetched 2 orders
2024-10-22T11:56:18.000Z info: Fetched 2 orders
2024-10-22T11:56:20.370Z info: Fetched 1 products
2024-10-22T11:56:20.370Z info: Fetched 1 products
2024-10-22T11:56:23.457Z info: Fetched 2 orders
2024-10-22T11:56:23.458Z info: Fetched 2 orders
2024-10-22T11:58:25.195Z info: Fetched 2 orders
2024-10-22T11:58:25.196Z info: Fetched 2 orders
2024-10-22T11:58:35.373Z info: Fetched 1 products
2024-10-22T11:58:35.373Z info: Fetched 1 products
2024-10-22T11:58:38.050Z info: Fetched 2 orders
2024-10-22T11:58:38.050Z info: Fetched 2 orders
2024-10-22T11:58:52.335Z info: Fetched 2 orders
2024-10-22T11:58:52.335Z info: Fetched 2 orders
2024-10-22T11:58:58.271Z info: Fetched 1 products
2024-10-22T11:58:58.271Z info: Fetched 1 products
2024-10-22T11:59:00.302Z info: Fetched 2 orders
2024-10-22T11:59:00.302Z info: Fetched 2 orders
2024-10-22T12:00:28.207Z info: Fetched 2 orders
2024-10-22T12:00:28.207Z info: Fetched 2 orders
2024-10-22T12:00:38.057Z info: Fetched 1 products
2024-10-22T12:00:38.057Z info: Fetched 1 products
2024-10-22T12:00:39.633Z info: Fetched 2 orders
2024-10-22T12:00:39.634Z info: Fetched 2 orders
2024-10-22T12:00:56.956Z info: Fetched 1 products
2024-10-22T12:00:56.956Z info: Fetched 1 products
2024-10-22T12:00:59.199Z info: Fetched 2 orders
2024-10-22T12:00:59.199Z info: Fetched 2 orders
2024-10-22T12:01:00.411Z info: Fetched 1 products
2024-10-22T12:01:00.412Z info: Fetched 1 products
2024-10-22T12:01:01.603Z info: Fetched 2 orders
2024-10-22T12:01:01.604Z info: Fetched 2 orders
2024-10-22T12:01:21.006Z info: Fetched 2 orders
2024-10-22T12:01:21.006Z info: Fetched 2 orders
2024-10-22T12:01:22.193Z info: Fetched 1 products
2024-10-22T12:01:22.193Z info: Fetched 1 products
2024-10-22T12:01:24.094Z info: Fetched 2 orders
2024-10-22T12:01:24.094Z info: Fetched 2 orders
2024-10-22T12:01:34.818Z info: Fetched 2 orders
2024-10-22T12:01:34.818Z info: Fetched 2 orders
2024-10-22T12:01:37.816Z info: Fetched 1 products
2024-10-22T12:01:37.816Z info: Fetched 1 products
2024-10-22T12:01:43.189Z info: Fetched 2 orders
2024-10-22T12:01:43.190Z info: Fetched 2 orders
2024-10-22T12:01:54.557Z info: Fetched 1 products
2024-10-22T12:01:54.558Z info: Fetched 1 products
2024-10-22T12:12:17.819Z info: Fetched 1 products
2024-10-22T12:12:17.819Z info: Fetched 1 products
2024-10-22T12:13:02.742Z info: Fetched 1 products
2024-10-22T12:13:02.742Z info: Fetched 1 products
2024-10-22T12:13:08.491Z info: Fetched 1 products
2024-10-22T12:13:08.492Z info: Fetched 1 products
2024-10-22T12:13:21.678Z info: Fetched 1 products
2024-10-22T12:13:21.678Z info: Fetched 1 products
2024-10-22T12:14:43.137Z info: Fetched 1 products
2024-10-22T12:14:43.137Z info: Fetched 1 products
2024-10-22T12:14:53.904Z info: Fetched 1 products
2024-10-22T12:14:53.904Z info: Fetched 1 products
2024-10-22T12:18:33.079Z info: Fetched 1 products
2024-10-22T12:18:33.079Z info: Fetched 1 products
2024-10-22T12:18:36.744Z info: Fetched 1 products
2024-10-22T12:18:36.744Z info: Fetched 1 products
2024-10-22T12:19:02.074Z info: Fetched 1 products
2024-10-22T12:19:02.075Z info: Fetched 1 products
2024-10-22T12:20:55.978Z info: Fetched 1 products
2024-10-22T12:20:55.978Z info: Fetched 1 products
2024-10-22T12:37:22.637Z error: Error verifying token: jwt malformed
